# JRE version: OpenJDK Runtime Environment (24.0+36) (build 24+36-3646)
# Java VM: OpenJDK 64-Bit Server VM (24+36-3646, mixed mode, emulated-client, sharing, tiered, compressed oops, compressed class ptrs, g1 gc, windows-amd64)
GC Precious Log:
 CardTable entry size: 512
 Card Set container configuration: InlinePtr #cards 4 size 8 Array Of Cards #cards 16 size 48 Howl #buckets 8 coarsen threshold 3686 Howl Bitmap #cards 512 size 80 coarsen threshold 460 Card regions per heap region 1 cards per card region 4096
 CPUs: 8 total, 8 available
 Memory: 16280M
 Large Page Support: Disabled
 NUMA Support: Disabled
 Compressed Oops: Enabled (Zero based)
 Heap Region Size: 2M
 Heap Min Capacity: 8M
 Heap Initial Capacity: 256M
 Heap Max Capacity: 4072M
 Pre-touch: Disabled
 Parallel Workers: 8
 Concurrent Workers: 2
 Concurrent Refinement Workers: 8
 Periodic GC: Disabled
Heap:
 garbage-first heap   total reserved 4169728K, committed 108544K, used 69987K [0x0000000701800000, 0x0000000800000000)
  region size 2048K, 16 young (32768K), 3 survivors (6144K)
 Metaspace       used 82097K, committed 82752K, reserved 1179648K
  class space    used 9232K, committed 9536K, reserved 1048576K
GC Heap History (20 events):
Event: 59.619 GC heap before
{Heap before GC invocations=27 (full 1):
 garbage-first heap   total reserved 4169728K, committed 90112K, used 54448K [0x0000000701800000, 0x0000000800000000)
  region size 2048K, 9 young (18432K), 2 survivors (4096K)
 Metaspace       used 80148K, committed 80896K, reserved 1179648K
  class space    used 9036K, committed 9344K, reserved 1048576K
}
Event: 59.692 GC heap after
{Heap after GC invocations=28 (full 2):
 garbage-first heap   total reserved 4169728K, committed 90112K, used 31746K [0x0000000701800000, 0x0000000800000000)
  region size 2048K, 0 young (0K), 0 survivors (0K)
 Metaspace       used 80125K, committed 80896K, reserved 1179648K
  class space    used 9030K, committed 9344K, reserved 1048576K
}
Event: 60.575 GC heap before
{Heap before GC invocations=28 (full 2):
 garbage-first heap   total reserved 4169728K, committed 90112K, used 76802K [0x0000000701800000, 0x0000000800000000)
  region size 2048K, 22 young (45056K), 0 survivors (0K)
 Metaspace       used 80211K, committed 80896K, reserved 1179648K
  class space    used 9040K, committed 9344K, reserved 1048576K
}
Event: 60.579 GC heap after
{Heap after GC invocations=29 (full 2):
 garbage-first heap   total reserved 4169728K, committed 90112K, used 35964K [0x0000000701800000, 0x0000000800000000)
  region size 2048K, 3 young (6144K), 3 survivors (6144K)
 Metaspace       used 80211K, committed 80896K, reserved 1179648K
  class space    used 9040K, committed 9344K, reserved 1048576K
}
Event: 61.374 GC heap before
{Heap before GC invocations=30 (full 2):
 garbage-first heap   total reserved 4169728K, committed 90112K, used 68732K [0x0000000701800000, 0x0000000800000000)
  region size 2048K, 20 young (40960K), 3 survivors (6144K)
 Metaspace       used 80240K, committed 80896K, reserved 1179648K
  class space    used 9047K, committed 9344K, reserved 1048576K
}
Event: 61.379 GC heap after
{Heap after GC invocations=31 (full 2):
 garbage-first heap   total reserved 4169728K, committed 90112K, used 37837K [0x0000000701800000, 0x0000000800000000)
  region size 2048K, 1 young (2048K), 1 survivors (2048K)
 Metaspace       used 80240K, committed 80896K, reserved 1179648K
  class space    used 9047K, committed 9344K, reserved 1048576K
}
Event: 63.728 GC heap before
{Heap before GC invocations=31 (full 2):
 garbage-first heap   total reserved 4169728K, committed 90112K, used 76749K [0x0000000701800000, 0x0000000800000000)
  region size 2048K, 20 young (40960K), 1 survivors (2048K)
 Metaspace       used 80532K, committed 81216K, reserved 1179648K
  class space    used 9074K, committed 9408K, reserved 1048576K
}
Event: 63.741 GC heap after
{Heap after GC invocations=32 (full 2):
 garbage-first heap   total reserved 4169728K, committed 90112K, used 40035K [0x0000000701800000, 0x0000000800000000)
  region size 2048K, 2 young (4096K), 2 survivors (4096K)
 Metaspace       used 80532K, committed 81216K, reserved 1179648K
  class space    used 9074K, committed 9408K, reserved 1048576K
}
Event: 65.632 GC heap before
{Heap before GC invocations=32 (full 2):
 garbage-first heap   total reserved 4169728K, committed 90112K, used 74851K [0x0000000701800000, 0x0000000800000000)
  region size 2048K, 19 young (38912K), 2 survivors (4096K)
 Metaspace       used 80536K, committed 81280K, reserved 1179648K
  class space    used 9075K, committed 9408K, reserved 1048576K
}
Event: 65.637 GC heap after
{Heap after GC invocations=33 (full 2):
 garbage-first heap   total reserved 4169728K, committed 90112K, used 41520K [0x0000000701800000, 0x0000000800000000)
  region size 2048K, 2 young (4096K), 2 survivors (4096K)
 Metaspace       used 80536K, committed 81280K, reserved 1179648K
  class space    used 9075K, committed 9408K, reserved 1048576K
}
Event: 71.354 GC heap before
{Heap before GC invocations=34 (full 2):
 garbage-first heap   total reserved 4169728K, committed 90112K, used 62000K [0x0000000701800000, 0x0000000800000000)
  region size 2048K, 13 young (26624K), 2 survivors (4096K)
 Metaspace       used 80516K, committed 81280K, reserved 1179648K
  class space    used 9069K, committed 9408K, reserved 1048576K
}
Event: 71.412 GC heap after
{Heap after GC invocations=35 (full 3):
 garbage-first heap   total reserved 4169728K, committed 90112K, used 34956K [0x0000000701800000, 0x0000000800000000)
  region size 2048K, 0 young (0K), 0 survivors (0K)
 Metaspace       used 80444K, committed 81280K, reserved 1179648K
  class space    used 9049K, committed 9408K, reserved 1048576K
}
Event: 75.392 GC heap before
{Heap before GC invocations=35 (full 3):
 garbage-first heap   total reserved 4169728K, committed 90112K, used 77964K [0x0000000701800000, 0x0000000800000000)
  region size 2048K, 21 young (43008K), 0 survivors (0K)
 Metaspace       used 80771K, committed 81408K, reserved 1179648K
  class space    used 9111K, committed 9408K, reserved 1048576K
}
Event: 75.401 GC heap after
{Heap after GC invocations=36 (full 3):
 garbage-first heap   total reserved 4169728K, committed 108544K, used 37586K [0x0000000701800000, 0x0000000800000000)
  region size 2048K, 2 young (4096K), 2 survivors (4096K)
 Metaspace       used 80771K, committed 81408K, reserved 1179648K
  class space    used 9111K, committed 9408K, reserved 1048576K
}
Event: 77.398 GC heap before
{Heap before GC invocations=37 (full 3):
 garbage-first heap   total reserved 4169728K, committed 108544K, used 88786K [0x0000000701800000, 0x0000000800000000)
  region size 2048K, 28 young (57344K), 2 survivors (4096K)
 Metaspace       used 80848K, committed 81472K, reserved 1179648K
  class space    used 9119K, committed 9408K, reserved 1048576K
}
Event: 77.404 GC heap after
{Heap after GC invocations=38 (full 3):
 garbage-first heap   total reserved 4169728K, committed 108544K, used 40570K [0x0000000701800000, 0x0000000800000000)
  region size 2048K, 3 young (6144K), 3 survivors (6144K)
 Metaspace       used 80848K, committed 81472K, reserved 1179648K
  class space    used 9119K, committed 9408K, reserved 1048576K
}
Event: 78.935 GC heap before
{Heap before GC invocations=38 (full 3):
 garbage-first heap   total reserved 4169728K, committed 108544K, used 89722K [0x0000000701800000, 0x0000000800000000)
  region size 2048K, 27 young (55296K), 3 survivors (6144K)
 Metaspace       used 81155K, committed 81856K, reserved 1179648K
  class space    used 9144K, committed 9472K, reserved 1048576K
}
Event: 78.943 GC heap after
{Heap after GC invocations=39 (full 3):
 garbage-first heap   total reserved 4169728K, committed 108544K, used 43335K [0x0000000701800000, 0x0000000800000000)
  region size 2048K, 4 young (8192K), 4 survivors (8192K)
 Metaspace       used 81155K, committed 81856K, reserved 1179648K
  class space    used 9144K, committed 9472K, reserved 1048576K
}
Event: 79.544 GC heap before
{Heap before GC invocations=39 (full 3):
 garbage-first heap   total reserved 4169728K, committed 108544K, used 88391K [0x0000000701800000, 0x0000000800000000)
  region size 2048K, 26 young (53248K), 4 survivors (8192K)
 Metaspace       used 81155K, committed 81856K, reserved 1179648K
  class space    used 9144K, committed 9472K, reserved 1048576K
}
Event: 79.551 GC heap after
{Heap after GC invocations=40 (full 3):
 garbage-first heap   total reserved 4169728K, committed 108544K, used 45411K [0x0000000701800000, 0x0000000800000000)
  region size 2048K, 3 young (6144K), 3 survivors (6144K)
 Metaspace       used 81155K, committed 81856K, reserved 1179648K
  class space    used 9144K, committed 9472K, reserved 1048576K
}

